<?xml version="1.0" encoding="UTF-8"?>
<!-- Generated by org.testng.reporters.JUnitReportReporter -->
<testsuite hostname="DESKTOP-VS3MLQ4" failures="0" tests="1" name="excercise.LoginWithMultipleDataUsingExcel" time="6.324" errors="0" timestamp="2021-02-17T08:02:01 IST" skipped="0">
  <testcase classname="excercise.LoginWithMultipleDataUsingExcel" name="Login" time="6.324"/>
  <system-out/>
</testsuite> <!-- excercise.LoginWithMultipleDataUsingExcel -->
