<?xml version="1.0" encoding="UTF-8"?>
<!-- Generated by org.testng.reporters.JUnitReportReporter -->
<testsuite hostname="DESKTOP-VS3MLQ4" failures="0" tests="1" name="examples.CaptureScreenshot" time="0.762" errors="0" timestamp="2021-02-13T16:54:35 IST" skipped="0">
  <testcase classname="examples.CaptureScreenshot" name="test01" time="0.762"/>
  <system-out/>
</testsuite> <!-- examples.CaptureScreenshot -->
