<?xml version="1.0" encoding="UTF-8"?>
<!-- Generated by org.testng.reporters.JUnitReportReporter -->
<testsuite hostname="DESKTOP-VS3MLQ4" failures="0" tests="1" name="webDriverConcepts.LoginWithMultipleDataUsingExcel" time="20.313" errors="0" timestamp="2021-02-17T07:49:50 IST" skipped="0">
  <testcase classname="webDriverConcepts.LoginWithMultipleDataUsingExcel" name="Login" time="20.313"/>
  <system-out/>
</testsuite> <!-- webDriverConcepts.LoginWithMultipleDataUsingExcel -->
