<?xml version="1.0" encoding="UTF-8"?>
<!-- Generated by org.testng.reporters.JUnitReportReporter -->
<testsuite hostname="DESKTOP-VS3MLQ4" failures="0" tests="1" name="excercise.LoginWithDataUsingProperties" time="2.312" errors="0" timestamp="2021-02-17T08:20:41 IST" skipped="0">
  <testcase classname="excercise.LoginWithDataUsingProperties" name="login" time="2.312"/>
  <system-out/>
</testsuite> <!-- excercise.LoginWithDataUsingProperties -->
