<?xml version="1.0" encoding="UTF-8"?>
<!-- Generated by org.testng.reporters.JUnitReportReporter -->
<testsuite hostname="DESKTOP-VS3MLQ4" failures="0" tests="1" name="excercise.LoginMultipleDataUsingParameters" time="2.571" errors="0" timestamp="2021-02-17T08:11:59 IST" skipped="0">
  <testcase classname="excercise.LoginMultipleDataUsingParameters" name="login" time="2.571"/>
  <system-out/>
</testsuite> <!-- excercise.LoginMultipleDataUsingParameters -->
