<?xml version="1.0" encoding="UTF-8"?>
<!-- Generated by org.testng.reporters.JUnitReportReporter -->
<testsuite hostname="DESKTOP-VS3MLQ4" failures="0" tests="2" name="excercise.Excercise1OnWindowHandling" time="8.948" errors="0" timestamp="2021-02-17T09:36:58 IST" skipped="0">
  <testcase classname="excercise.Excercise1OnWindowHandling" name="WindowHandle" time="5.770"/>
  <system-out/>
  <testcase classname="excercise.Excercise1OnWindowHandling" name="Alert" time="3.178"/>
  <system-out/>
</testsuite> <!-- excercise.Excercise1OnWindowHandling -->
