<?xml version="1.0" encoding="UTF-8"?>
<!-- Generated by org.testng.reporters.JUnitReportReporter -->
<testsuite hostname="DESKTOP-VS3MLQ4" failures="0" tests="2" name="excercise.CrossBrowserTesting" time="1.439" errors="0" timestamp="2021-02-18T15:45:46 IST" skipped="0">
  <testcase classname="excercise.CrossBrowserTesting" name="login" time="0.668"/>
  <system-out/>
  <testcase classname="excercise.CrossBrowserTesting" name="login" time="0.771"/>
  <system-out/>
</testsuite> <!-- excercise.CrossBrowserTesting -->
