<?xml version="1.0" encoding="UTF-8"?>
<!-- Generated by org.testng.reporters.JUnitReportReporter -->
<testsuite hostname="DESKTOP-VS3MLQ4" failures="0" tests="1" name="examples.ExerciceCalender" time="10.090" errors="0" timestamp="2021-02-16T11:42:54 IST" skipped="0">
  <testcase classname="examples.ExerciceCalender" name="Calender" time="10.090"/>
  <system-out/>
</testsuite> <!-- examples.ExerciceCalender -->
