<?xml version="1.0" encoding="UTF-8"?>
<!-- Generated by org.testng.reporters.JUnitReportReporter -->
<testsuite hostname="DESKTOP-VS3MLQ4" failures="0" tests="1" name="streams.Exercise1" time="0.027" errors="0" timestamp="2021-02-13T16:47:15 IST" skipped="0">
  <testcase classname="streams.Exercise1" name="StreamExample1" time="0.027"/>
  <system-out/>
</testsuite> <!-- streams.Exercise1 -->
