<?xml version="1.0" encoding="UTF-8"?>
<!-- Generated by org.testng.reporters.JUnitReportReporter -->
<testsuite hostname="DESKTOP-VS3MLQ4" failures="0" tests="1" name="examples.Miscellaniuos" time="0.679" errors="0" timestamp="2021-02-13T16:52:08 IST" skipped="0">
  <testcase classname="examples.Miscellaniuos" name="test01" time="0.679"/>
  <system-out/>
</testsuite> <!-- examples.Miscellaniuos -->
