<?xml version="1.0" encoding="UTF-8"?>
<!-- Generated by org.testng.reporters.JUnitReportReporter -->
<testsuite hostname="DESKTOP-VS3MLQ4" failures="0" tests="1" name="excercise.LoginWithDataUsingParameters" time="2.322" errors="0" timestamp="2021-02-18T07:57:56 IST" skipped="0">
  <testcase classname="excercise.LoginWithDataUsingParameters" name="login" time="2.322"/>
  <system-out/>
</testsuite> <!-- excercise.LoginWithDataUsingParameters -->
