<?xml version="1.0" encoding="UTF-8"?>
<!-- Generated by org.testng.reporters.JUnitReportReporter -->
<testsuite hostname="DESKTOP-VS3MLQ4" failures="0" tests="1" name="examples.ExtentReporterNG" time="6.675" errors="0" timestamp="2021-02-13T16:59:55 IST" skipped="0">
  <testcase classname="examples.ExtentReporterNG" name="test01" time="6.675"/>
  <system-out/>
</testsuite> <!-- examples.ExtentReporterNG -->
