<?xml version="1.0" encoding="UTF-8"?>
<!-- Generated by org.testng.reporters.JUnitReportReporter -->
<testsuite hostname="DESKTOP-VS3MLQ4" failures="0" tests="1" name="excercise.ExcerciceOnKeyboardActions" time="6.972" errors="0" timestamp="2021-02-17T11:52:37 IST" skipped="0">
  <testcase classname="excercise.ExcerciceOnKeyboardActions" name="keyboard" time="6.972"/>
  <system-out/>
</testsuite> <!-- excercise.ExcerciceOnKeyboardActions -->
