<?xml version="1.0" encoding="UTF-8"?>
<!-- Generated by org.testng.reporters.JUnitReportReporter -->
<testsuite hostname="DESKTOP-VS3MLQ4" failures="0" tests="1" name="examples.LoginWithMultipleDataUsingExcel" time="19.828" errors="0" timestamp="2021-02-16T06:56:15 IST" skipped="0">
  <testcase classname="examples.LoginWithMultipleDataUsingExcel" name="Login" time="19.828"/>
  <system-out/>
</testsuite> <!-- examples.LoginWithMultipleDataUsingExcel -->
